<?xml version="1.0" encoding="UTF-8"?>
<testsuite xmlns:xsi="http://www.w3.org/2001/XMLSchema-instance" xsi:noNamespaceSchemaLocation="https://maven.apache.org/surefire/maven-surefire-plugin/xsd/surefire-test-report-3.0.xsd" version="3.0" name="SourceFiles.MedianAnalysisTest" time="0.042" tests="1" errors="1" skipped="0" failures="0">
  <properties>
    <property name="java.specification.version" value="17"/>
    <property name="sun.cpu.isalist" value="amd64"/>
    <property name="sun.jnu.encoding" value="Cp1252"/>
    <property name="java.class.path" value="D:\Computer and Systems Engineering Department\Level 3\First Semester\(CSE321) Design and Analysis of Algorithms\Programming Assignments\Assignment 1\algorithms-median-analysis\median-analysis\target\test-classes;D:\Computer and Systems Engineering Department\Level 3\First Semester\(CSE321) Design and Analysis of Algorithms\Programming Assignments\Assignment 1\algorithms-median-analysis\median-analysis\target\classes;C:\Users\moham\.m2\repository\junit\junit\4.13.2\junit-4.13.2.jar;C:\Users\moham\.m2\repository\org\hamcrest\hamcrest-core\1.3\hamcrest-core-1.3.jar;"/>
    <property name="java.vm.vendor" value="Oracle Corporation"/>
    <property name="sun.arch.data.model" value="64"/>
    <property name="user.variant" value=""/>
    <property name="java.vendor.url" value="https://java.oracle.com/"/>
    <property name="user.timezone" value="Africa/Cairo"/>
    <property name="os.name" value="Windows 11"/>
    <property name="java.vm.specification.version" value="17"/>
    <property name="user.country" value="US"/>
    <property name="sun.java.launcher" value="SUN_STANDARD"/>
    <property name="sun.boot.library.path" value="C:\Program Files\Java\jdk-17\bin"/>
    <property name="sun.java.command" value="C:\Users\moham\AppData\Local\Temp\surefire3515984093922292647\surefirebooter-20241031021456138_3.jar C:\Users\moham\AppData\Local\Temp\surefire3515984093922292647 2024-10-31T02-14-55_577-jvmRun1 surefire-20241031021456138_1tmp surefire_0-20241031021456138_2tmp"/>
    <property name="jdk.debug" value="release"/>
    <property name="test" value="SourceFiles.MedianAnalysisTest#testPerformance"/>
    <property name="surefire.test.class.path" value="D:\Computer and Systems Engineering Department\Level 3\First Semester\(CSE321) Design and Analysis of Algorithms\Programming Assignments\Assignment 1\algorithms-median-analysis\median-analysis\target\test-classes;D:\Computer and Systems Engineering Department\Level 3\First Semester\(CSE321) Design and Analysis of Algorithms\Programming Assignments\Assignment 1\algorithms-median-analysis\median-analysis\target\classes;C:\Users\moham\.m2\repository\junit\junit\4.13.2\junit-4.13.2.jar;C:\Users\moham\.m2\repository\org\hamcrest\hamcrest-core\1.3\hamcrest-core-1.3.jar;"/>
    <property name="sun.cpu.endian" value="little"/>
    <property name="user.home" value="C:\Users\moham"/>
    <property name="user.language" value="en"/>
    <property name="java.specification.vendor" value="Oracle Corporation"/>
    <property name="java.version.date" value="2024-07-16"/>
    <property name="java.home" value="C:\Program Files\Java\jdk-17"/>
    <property name="file.separator" value="\"/>
    <property name="basedir" value="D:\Computer and Systems Engineering Department\Level 3\First Semester\(CSE321) Design and Analysis of Algorithms\Programming Assignments\Assignment 1\algorithms-median-analysis\median-analysis"/>
    <property name="java.vm.compressedOopsMode" value="Zero based"/>
    <property name="line.separator" value="&#10;"/>
    <property name="java.vm.specification.vendor" value="Oracle Corporation"/>
    <property name="java.specification.name" value="Java Platform API Specification"/>
    <property name="surefire.real.class.path" value="C:\Users\moham\AppData\Local\Temp\surefire3515984093922292647\surefirebooter-20241031021456138_3.jar"/>
    <property name="user.script" value=""/>
    <property name="sun.management.compiler" value="HotSpot 64-Bit Tiered Compilers"/>
    <property name="java.runtime.version" value="17.0.12+8-LTS-286"/>
    <property name="user.name" value="moham"/>
    <property name="path.separator" value=";"/>
    <property name="os.version" value="10.0"/>
    <property name="java.runtime.name" value="Java(TM) SE Runtime Environment"/>
    <property name="file.encoding" value="Cp1252"/>
    <property name="java.vm.name" value="Java HotSpot(TM) 64-Bit Server VM"/>
    <property name="maven.ext.class.path" value="C:\Users\moham\.vscode\extensions\oracle.oracle-java-23.0.0\nbcode\java\maven-nblib\netbeans-eventspy.jar"/>
    <property name="localRepository" value="C:\Users\moham\.m2\repository"/>
    <property name="java.vendor.url.bug" value="https://bugreport.java.com/bugreport/"/>
    <property name="java.io.tmpdir" value="C:\Users\moham\AppData\Local\Temp\"/>
    <property name="java.version" value="17.0.12"/>
    <property name="user.dir" value="D:\Computer and Systems Engineering Department\Level 3\First Semester\(CSE321) Design and Analysis of Algorithms\Programming Assignments\Assignment 1\algorithms-median-analysis\median-analysis"/>
    <property name="os.arch" value="amd64"/>
    <property name="java.vm.specification.name" value="Java Virtual Machine Specification"/>
    <property name="sun.os.patch.level" value=""/>
    <property name="native.encoding" value="Cp1252"/>
    <property name="java.library.path" value="C:\Program Files\Java\jdk-17\bin;C:\Windows\Sun\Java\bin;C:\Windows\system32;C:\Windows;C:\Program Files\Common Files\Oracle\Java\javapath;C:\Python312\Scripts\;C:\Python312\;C:\Windows\system32;C:\Windows;C:\Windows\System32\Wbem;C:\Windows\System32\WindowsPowerShell\v1.0\;C:\Windows\System32\OpenSSH\;C:\Program Files\dotnet\;D:\MSYS2\mingw64\bin;C:\Program Files\NVIDIA Corporation\NVIDIA NvDLISR;C:\ProgramData\chocolatey\bin;D:\Programming Essentials\nodejs\;C:\Program Files\Git\cmd;C:\Program Files (x86)\NVIDIA Corporation\PhysX\Common;C:\Program Files\MySQL\MySQL Server 8.0\bin;C:\Program Files\Apache\Maven\apache-maven-3.9.9\bin;C:\Program Files\Java\jdk-23\bin;C:\Program Files\MySQL\MySQL Shell 8.0\bin\;C:\Users\moham\anaconda3;C:\Users\moham\anaconda3\Library\mingw-w64\bin;C:\Users\moham\anaconda3\Library\usr\bin;C:\Users\moham\anaconda3\Library\bin;C:\Users\moham\anaconda3\Scripts;C:\Users\moham\AppData\Local\Microsoft\WindowsApps;D:\Computer &amp; Systems Engineering Department\ModelSim\modelsim_ase\win32aloem;D:\Visual Studio Code\Microsoft VS Code\bin;C:\Users\moham\AppData\Roaming\npm;C:\Users\moham\AppData\Local\spicetify;D:\Programming Essentials\AMPL\AMPL;D:\Programming Essentials\AMPL\AMPL\solvers;."/>
    <property name="java.vm.info" value="mixed mode, sharing"/>
    <property name="java.vendor" value="Oracle Corporation"/>
    <property name="java.vm.version" value="17.0.12+8-LTS-286"/>
    <property name="sun.io.unicode.encoding" value="UnicodeLittle"/>
    <property name="java.class.version" value="61.0"/>
  </properties>
  <testcase name="initializationError" classname="SourceFiles.MedianAnalysisTest" time="0.003">
    <error message="Invalid test class &apos;SourceFiles.MedianAnalysisTest&apos;:&#10;  1. Method testPerformance() should be public" type="org.junit.runners.model.InvalidTestClassError"><![CDATA[org.junit.runners.model.InvalidTestClassError: 
Invalid test class 'SourceFiles.MedianAnalysisTest':
  1. Method testPerformance() should be public
	at org.junit.runners.ParentRunner.validate(ParentRunner.java:525)
	at org.junit.runners.ParentRunner.<init>(ParentRunner.java:102)
	at org.junit.runners.BlockJUnit4ClassRunner.<init>(BlockJUnit4ClassRunner.java:84)
	at org.junit.runners.JUnit4.<init>(JUnit4.java:23)
	at org.junit.internal.builders.JUnit4Builder.runnerForClass(JUnit4Builder.java:10)
	at org.junit.runners.model.RunnerBuilder.safeRunnerForClass(RunnerBuilder.java:70)
	at org.junit.internal.builders.AllDefaultPossibilitiesBuilder.runnerForClass(AllDefaultPossibilitiesBuilder.java:37)
	at org.junit.runners.model.RunnerBuilder.safeRunnerForClass(RunnerBuilder.java:70)
	at org.junit.internal.requests.ClassRequest.createRunner(ClassRequest.java:28)
	at org.junit.internal.requests.MemoizingRequest.getRunner(MemoizingRequest.java:19)
	at org.junit.internal.requests.FilterRequest.getRunner(FilterRequest.java:36)
	at org.apache.maven.surefire.junit4.JUnit4Provider.execute(JUnit4Provider.java:314)
	at org.apache.maven.surefire.junit4.JUnit4Provider.executeWithRerun(JUnit4Provider.java:240)
	at org.apache.maven.surefire.junit4.JUnit4Provider.executeTestSet(JUnit4Provider.java:214)
	at org.apache.maven.surefire.junit4.JUnit4Provider.invoke(JUnit4Provider.java:155)
	at org.apache.maven.surefire.booter.ForkedBooter.runSuitesInProcess(ForkedBooter.java:385)
	at org.apache.maven.surefire.booter.ForkedBooter.execute(ForkedBooter.java:162)
	at org.apache.maven.surefire.booter.ForkedBooter.run(ForkedBooter.java:507)
	at org.apache.maven.surefire.booter.ForkedBooter.main(ForkedBooter.java:495)
]]></error>
  </testcase>
</testsuite>